2025-05-21 14:25:00 | WARN | repo=arquillian-phantom-driver | action=commit
2025-01-21 07:56:00 | DEBUG | repo=arquillian-phantom-driver | action=pull
2025-04-27 12:10:00 | DEBUG | repo=arquillian-phantom-driver | action=commit
2025-04-19 14:57:00 | DEBUG | repo=arquillian-phantom-driver | action=commit
2025-04-27 11:45:00 | DEBUG | repo=arquillian-phantom-driver | action=commit
2025-04-26 20:14:00 | DEBUG | repo=arquillian-phantom-driver | action=pull
2025-02-13 19:13:00 | WARN | repo=arquillian-phantom-driver | action=commit
2025-11-15 15:59:00 | INFO | repo=arquillian-phantom-driver | action=commit
2025-05-15 08:59:00 | WARN | repo=arquillian-phantom-driver | action=commit
2025-11-08 15:29:00 | WARN | repo=arquillian-phantom-driver | action=commit
2025-01-12 12:42:00 | DEBUG | repo=arquillian-phantom-driver | action=test | passed=true
2025-10-09 16:31:00 | WARN | repo=arquillian-phantom-driver | action=commit
2025-07-11 16:08:00 | INFO | repo=arquillian-phantom-driver | action=commit
2025-10-26 19:41:00 | DEBUG | repo=arquillian-phantom-driver | action=commit
2025-07-24 12:15:00 | WARN | repo=arquillian-phantom-driver | action=commit
2025-03-10 07:58:00 | INFO | repo=arquillian-phantom-driver | action=commit
2025-07-11 07:14:00 | DEBUG | repo=arquillian-phantom-driver | action=commit
2025-08-16 12:05:00 | WARN | repo=arquillian-phantom-driver | action=pull
2025-10-24 18:17:00 | WARN | repo=arquillian-phantom-driver | action=commit
2025-09-22 08:47:00 | WARN | repo=arquillian-phantom-driver | action=commit
2025-01-22 19:01:00 | INFO | repo=arquillian-phantom-driver | action=test | passed=true
2025-06-21 10:42:00 | INFO | repo=arquillian-phantom-driver | action=commit
2025-07-01 14:51:00 | INFO | repo=arquillian-phantom-driver | action=commit
2025-01-01 17:42:00 | WARN | repo=arquillian-phantom-driver | action=commit
2025-05-10 08:01:00 | WARN | repo=arquillian-phantom-driver | action=pull
2025-06-07 08:37:00 | INFO | repo=arquillian-phantom-driver | action=commit
2025-03-23 07:33:00 | INFO | repo=arquillian-phantom-driver | action=test | passed=true
2025-10-05 16:47:00 | INFO | repo=arquillian-phantom-driver | action=commit
2025-03-03 10:10:00 | WARN | repo=arquillian-phantom-driver | action=commit
2025-03-20 16:39:00 | INFO | repo=arquillian-phantom-driver | action=commit
2025-03-11 20:49:00 | INFO | repo=arquillian-phantom-driver | action=commit
2025-07-02 19:18:00 | DEBUG | repo=arquillian-phantom-driver | action=commit
2025-03-11 19:50:00 | INFO | repo=arquillian-phantom-driver | action=commit
2025-03-18 07:03:00 | INFO | repo=arquillian-phantom-driver | action=commit
